{"/home/fahad/Desktop/back-end-testing/index.js": {"path":"/home/fahad/Desktop/back-end-testing/index.js","statementMap":{"0":{"start":{"line":1,"column":16},"end":{"line":1,"column":34}},"1":{"start":{"line":2,"column":15},"end":{"line":2,"column":39}},"2":{"start":{"line":3,"column":17},"end":{"line":3,"column":36}},"3":{"start":{"line":4,"column":15},"end":{"line":4,"column":32}},"4":{"start":{"line":6,"column":12},"end":{"line":6,"column":21}},"5":{"start":{"line":7,"column":11},"end":{"line":7,"column":27}},"6":{"start":{"line":9,"column":0},"end":{"line":9,"column":136}},"7":{"start":{"line":9,"column":32},"end":{"line":9,"column":68}},"8":{"start":{"line":9,"column":85},"end":{"line":9,"column":135}},"9":{"start":{"line":11,"column":0},"end":{"line":11,"column":24}},"10":{"start":{"line":13,"column":0},"end":{"line":13,"column":25}},"11":{"start":{"line":15,"column":15},"end":{"line":17,"column":2}},"12":{"start":{"line":16,"column":2},"end":{"line":16,"column":44}},"13":{"start":{"line":19,"column":0},"end":{"line":19,"column":23}}},"fnMap":{"0":{"name":"(anonymous_0)","decl":{"start":{"line":9,"column":26},"end":{"line":9,"column":27}},"loc":{"start":{"line":9,"column":32},"end":{"line":9,"column":68}},"line":9},"1":{"name":"(anonymous_1)","decl":{"start":{"line":9,"column":76},"end":{"line":9,"column":77}},"loc":{"start":{"line":9,"column":85},"end":{"line":9,"column":135}},"line":9},"2":{"name":"(anonymous_2)","decl":{"start":{"line":15,"column":32},"end":{"line":15,"column":33}},"loc":{"start":{"line":15,"column":38},"end":{"line":17,"column":1}},"line":15}},"branchMap":{},"s":{"0":3,"1":3,"2":3,"3":3,"4":3,"5":3,"6":3,"7":3,"8":0,"9":3,"10":3,"11":3,"12":3,"13":3},"f":{"0":3,"1":0,"2":3},"b":{},"_coverageSchema":"1a1c01bbd47fc00a2c39e90264f33305004495a9","hash":"593f9bcdc047dafff88735d0ce0941460954f5e3"}
,"/home/fahad/Desktop/back-end-testing/middleware/admin.js": {"path":"/home/fahad/Desktop/back-end-testing/middleware/admin.js","statementMap":{"0":{"start":{"line":1,"column":0},"end":{"line":5,"column":1}},"1":{"start":{"line":2,"column":4},"end":{"line":2,"column":73}},"2":{"start":{"line":2,"column":27},"end":{"line":2,"column":73}},"3":{"start":{"line":4,"column":4},"end":{"line":4,"column":11}}},"fnMap":{"0":{"name":"(anonymous_0)","decl":{"start":{"line":1,"column":17},"end":{"line":1,"column":18}},"loc":{"start":{"line":1,"column":43},"end":{"line":5,"column":1}},"line":1}},"branchMap":{"0":{"loc":{"start":{"line":2,"column":4},"end":{"line":2,"column":73}},"type":"if","locations":[{"start":{"line":2,"column":4},"end":{"line":2,"column":73}},{"start":{},"end":{}}],"line":2}},"s":{"0":3,"1":5,"2":1,"3":4},"f":{"0":5},"b":{"0":[1,4]},"_coverageSchema":"1a1c01bbd47fc00a2c39e90264f33305004495a9","hash":"0856f6985a1f1f4f440164306ff9a7bfa9a60a80"}
,"/home/fahad/Desktop/back-end-testing/middleware/auth.js": {"path":"/home/fahad/Desktop/back-end-testing/middleware/auth.js","statementMap":{"0":{"start":{"line":1,"column":12},"end":{"line":1,"column":35}},"1":{"start":{"line":2,"column":15},"end":{"line":2,"column":32}},"2":{"start":{"line":4,"column":0},"end":{"line":16,"column":1}},"3":{"start":{"line":5,"column":16},"end":{"line":5,"column":42}},"4":{"start":{"line":6,"column":2},"end":{"line":6,"column":79}},"5":{"start":{"line":6,"column":14},"end":{"line":6,"column":79}},"6":{"start":{"line":8,"column":2},"end":{"line":15,"column":3}},"7":{"start":{"line":9,"column":20},"end":{"line":9,"column":66}},"8":{"start":{"line":10,"column":4},"end":{"line":10,"column":23}},"9":{"start":{"line":11,"column":4},"end":{"line":11,"column":11}},"10":{"start":{"line":14,"column":4},"end":{"line":14,"column":43}}},"fnMap":{"0":{"name":"(anonymous_0)","decl":{"start":{"line":4,"column":17},"end":{"line":4,"column":18}},"loc":{"start":{"line":4,"column":37},"end":{"line":16,"column":1}},"line":4}},"branchMap":{"0":{"loc":{"start":{"line":6,"column":2},"end":{"line":6,"column":79}},"type":"if","locations":[{"start":{"line":6,"column":2},"end":{"line":6,"column":79}},{"start":{},"end":{}}],"line":6}},"s":{"0":4,"1":4,"2":4,"3":22,"4":22,"5":4,"6":18,"7":18,"8":17,"9":17,"10":1},"f":{"0":22},"b":{"0":[4,18]},"_coverageSchema":"1a1c01bbd47fc00a2c39e90264f33305004495a9","hash":"e421a879dd4c70d2bbac9aaa4c8ca917f419f551"}
,"/home/fahad/Desktop/back-end-testing/middleware/validateObjectId.js": {"path":"/home/fahad/Desktop/back-end-testing/middleware/validateObjectId.js","statementMap":{"0":{"start":{"line":1,"column":17},"end":{"line":1,"column":36}},"1":{"start":{"line":3,"column":25},"end":{"line":8,"column":1}},"2":{"start":{"line":5,"column":4},"end":{"line":5,"column":129}},"3":{"start":{"line":5,"column":56},"end":{"line":5,"column":129}},"4":{"start":{"line":7,"column":4},"end":{"line":7,"column":10}},"5":{"start":{"line":10,"column":0},"end":{"line":10,"column":33}}},"fnMap":{"0":{"name":"(anonymous_0)","decl":{"start":{"line":3,"column":25},"end":{"line":3,"column":26}},"loc":{"start":{"line":3,"column":45},"end":{"line":8,"column":1}},"line":3}},"branchMap":{"0":{"loc":{"start":{"line":5,"column":4},"end":{"line":5,"column":129}},"type":"if","locations":[{"start":{"line":5,"column":4},"end":{"line":5,"column":129}},{"start":{},"end":{}}],"line":5}},"s":{"0":3,"1":3,"2":3,"3":1,"4":2,"5":3},"f":{"0":3},"b":{"0":[1,2]},"_coverageSchema":"1a1c01bbd47fc00a2c39e90264f33305004495a9","hash":"5c2f5fab5912f60c7191a5341855a4985873a8dc"}
,"/home/fahad/Desktop/back-end-testing/model/genre.js": {"path":"/home/fahad/Desktop/back-end-testing/model/genre.js","statementMap":{"0":{"start":{"line":1,"column":12},"end":{"line":1,"column":26}},"1":{"start":{"line":2,"column":17},"end":{"line":2,"column":36}},"2":{"start":{"line":4,"column":20},"end":{"line":11,"column":2}},"3":{"start":{"line":13,"column":14},"end":{"line":13,"column":50}},"4":{"start":{"line":15,"column":22},"end":{"line":21,"column":1}},"5":{"start":{"line":16,"column":17},"end":{"line":18,"column":4}},"6":{"start":{"line":20,"column":2},"end":{"line":20,"column":31}},"7":{"start":{"line":23,"column":0},"end":{"line":23,"column":34}},"8":{"start":{"line":24,"column":0},"end":{"line":24,"column":22}},"9":{"start":{"line":25,"column":0},"end":{"line":25,"column":33}}},"fnMap":{"0":{"name":"(anonymous_0)","decl":{"start":{"line":15,"column":22},"end":{"line":15,"column":23}},"loc":{"start":{"line":15,"column":33},"end":{"line":21,"column":1}},"line":15}},"branchMap":{},"s":{"0":3,"1":3,"2":3,"3":3,"4":3,"5":11,"6":11,"7":3,"8":3,"9":3},"f":{"0":11},"b":{},"_coverageSchema":"1a1c01bbd47fc00a2c39e90264f33305004495a9","hash":"a4cd3f0e5b6f9382895b902d04629c00b8d92995"}
,"/home/fahad/Desktop/back-end-testing/model/rental.js": {"path":"/home/fahad/Desktop/back-end-testing/model/rental.js","statementMap":{"0":{"start":{"line":1,"column":12},"end":{"line":1,"column":26}},"1":{"start":{"line":2,"column":17},"end":{"line":2,"column":36}},"2":{"start":{"line":4,"column":15},"end":{"line":56,"column":3}},"3":{"start":{"line":59,"column":17},"end":{"line":62,"column":3}},"4":{"start":{"line":64,"column":2},"end":{"line":64,"column":38}},"5":{"start":{"line":67,"column":0},"end":{"line":67,"column":24}},"6":{"start":{"line":68,"column":0},"end":{"line":68,"column":34}}},"fnMap":{"0":{"name":"validateRental","decl":{"start":{"line":58,"column":9},"end":{"line":58,"column":23}},"loc":{"start":{"line":58,"column":32},"end":{"line":65,"column":1}},"line":58}},"branchMap":{},"s":{"0":1,"1":1,"2":1,"3":0,"4":0,"5":1,"6":1},"f":{"0":0},"b":{},"_coverageSchema":"1a1c01bbd47fc00a2c39e90264f33305004495a9","hash":"c6f8d06734961c3a9a1b0fc4963d388d2a2e79ca"}
,"/home/fahad/Desktop/back-end-testing/model/user.js": {"path":"/home/fahad/Desktop/back-end-testing/model/user.js","statementMap":{"0":{"start":{"line":1,"column":15},"end":{"line":1,"column":32}},"1":{"start":{"line":2,"column":12},"end":{"line":2,"column":35}},"2":{"start":{"line":3,"column":12},"end":{"line":3,"column":26}},"3":{"start":{"line":4,"column":17},"end":{"line":4,"column":36}},"4":{"start":{"line":6,"column":19},"end":{"line":27,"column":2}},"5":{"start":{"line":29,"column":0},"end":{"line":32,"column":1}},"6":{"start":{"line":30,"column":16},"end":{"line":30,"column":95}},"7":{"start":{"line":31,"column":2},"end":{"line":31,"column":15}},"8":{"start":{"line":34,"column":13},"end":{"line":34,"column":47}},"9":{"start":{"line":37,"column":17},"end":{"line":41,"column":3}},"10":{"start":{"line":43,"column":2},"end":{"line":43,"column":36}},"11":{"start":{"line":46,"column":0},"end":{"line":46,"column":20}},"12":{"start":{"line":47,"column":0},"end":{"line":47,"column":32}}},"fnMap":{"0":{"name":"(anonymous_0)","decl":{"start":{"line":29,"column":39},"end":{"line":29,"column":40}},"loc":{"start":{"line":29,"column":50},"end":{"line":32,"column":1}},"line":29},"1":{"name":"validateUser","decl":{"start":{"line":36,"column":9},"end":{"line":36,"column":21}},"loc":{"start":{"line":36,"column":28},"end":{"line":44,"column":1}},"line":36}},"branchMap":{},"s":{"0":4,"1":4,"2":4,"3":4,"4":4,"5":4,"6":24,"7":24,"8":4,"9":0,"10":0,"11":4,"12":4},"f":{"0":24,"1":0},"b":{},"_coverageSchema":"1a1c01bbd47fc00a2c39e90264f33305004495a9","hash":"7f6568e1b5a068ff3ba8d55ba1bb480276354b14"}
,"/home/fahad/Desktop/back-end-testing/route/genre.js": {"path":"/home/fahad/Desktop/back-end-testing/route/genre.js","statementMap":{"0":{"start":{"line":1,"column":16},"end":{"line":1,"column":34}},"1":{"start":{"line":2,"column":28},"end":{"line":2,"column":53}},"2":{"start":{"line":3,"column":14},"end":{"line":3,"column":30}},"3":{"start":{"line":4,"column":25},"end":{"line":4,"column":66}},"4":{"start":{"line":5,"column":13},"end":{"line":5,"column":42}},"5":{"start":{"line":6,"column":14},"end":{"line":6,"column":44}},"6":{"start":{"line":8,"column":0},"end":{"line":19,"column":2}},"7":{"start":{"line":10,"column":4},"end":{"line":18,"column":5}},"8":{"start":{"line":12,"column":23},"end":{"line":12,"column":54}},"9":{"start":{"line":14,"column":8},"end":{"line":14,"column":24}},"10":{"start":{"line":17,"column":8},"end":{"line":17,"column":64}},"11":{"start":{"line":21,"column":0},"end":{"line":28,"column":3}},"12":{"start":{"line":23,"column":18},"end":{"line":23,"column":53}},"13":{"start":{"line":25,"column":4},"end":{"line":25,"column":90}},"14":{"start":{"line":25,"column":16},"end":{"line":25,"column":90}},"15":{"start":{"line":27,"column":4},"end":{"line":27,"column":20}},"16":{"start":{"line":31,"column":0},"end":{"line":48,"column":2}},"17":{"start":{"line":33,"column":4},"end":{"line":47,"column":5}},"18":{"start":{"line":35,"column":26},"end":{"line":35,"column":44}},"19":{"start":{"line":36,"column":8},"end":{"line":36,"column":71}},"20":{"start":{"line":36,"column":18},"end":{"line":36,"column":71}},"21":{"start":{"line":38,"column":25},"end":{"line":38,"column":33}},"22":{"start":{"line":40,"column":22},"end":{"line":40,"column":41}},"23":{"start":{"line":41,"column":8},"end":{"line":41,"column":27}},"24":{"start":{"line":43,"column":8},"end":{"line":43,"column":36}},"25":{"start":{"line":45,"column":8},"end":{"line":45,"column":32}},"26":{"start":{"line":46,"column":8},"end":{"line":46,"column":33}},"27":{"start":{"line":50,"column":0},"end":{"line":69,"column":3}},"28":{"start":{"line":52,"column":4},"end":{"line":68,"column":5}},"29":{"start":{"line":54,"column":26},"end":{"line":54,"column":44}},"30":{"start":{"line":55,"column":8},"end":{"line":55,"column":73}},"31":{"start":{"line":55,"column":19},"end":{"line":55,"column":73}},"32":{"start":{"line":57,"column":22},"end":{"line":59,"column":10}},"33":{"start":{"line":61,"column":8},"end":{"line":61,"column":94}},"34":{"start":{"line":61,"column":20},"end":{"line":61,"column":94}},"35":{"start":{"line":63,"column":8},"end":{"line":63,"column":36}},"36":{"start":{"line":66,"column":8},"end":{"line":66,"column":32}},"37":{"start":{"line":67,"column":8},"end":{"line":67,"column":33}},"38":{"start":{"line":71,"column":0},"end":{"line":85,"column":3}},"39":{"start":{"line":73,"column":4},"end":{"line":84,"column":5}},"40":{"start":{"line":75,"column":22},"end":{"line":75,"column":66}},"41":{"start":{"line":77,"column":8},"end":{"line":77,"column":94}},"42":{"start":{"line":77,"column":20},"end":{"line":77,"column":94}},"43":{"start":{"line":79,"column":8},"end":{"line":79,"column":36}},"44":{"start":{"line":82,"column":8},"end":{"line":82,"column":32}},"45":{"start":{"line":83,"column":8},"end":{"line":83,"column":33}},"46":{"start":{"line":87,"column":0},"end":{"line":87,"column":22}}},"fnMap":{"0":{"name":"(anonymous_0)","decl":{"start":{"line":8,"column":15},"end":{"line":8,"column":16}},"loc":{"start":{"line":8,"column":35},"end":{"line":19,"column":1}},"line":8},"1":{"name":"(anonymous_1)","decl":{"start":{"line":21,"column":36},"end":{"line":21,"column":37}},"loc":{"start":{"line":21,"column":56},"end":{"line":28,"column":1}},"line":21},"2":{"name":"(anonymous_2)","decl":{"start":{"line":31,"column":22},"end":{"line":31,"column":23}},"loc":{"start":{"line":31,"column":42},"end":{"line":48,"column":1}},"line":31},"3":{"name":"(anonymous_3)","decl":{"start":{"line":50,"column":24},"end":{"line":50,"column":25}},"loc":{"start":{"line":50,"column":44},"end":{"line":69,"column":1}},"line":50},"4":{"name":"(anonymous_4)","decl":{"start":{"line":71,"column":36},"end":{"line":71,"column":37}},"loc":{"start":{"line":71,"column":56},"end":{"line":85,"column":1}},"line":71}},"branchMap":{"0":{"loc":{"start":{"line":25,"column":4},"end":{"line":25,"column":90}},"type":"if","locations":[{"start":{"line":25,"column":4},"end":{"line":25,"column":90}},{"start":{},"end":{}}],"line":25},"1":{"loc":{"start":{"line":36,"column":8},"end":{"line":36,"column":71}},"type":"if","locations":[{"start":{"line":36,"column":8},"end":{"line":36,"column":71}},{"start":{},"end":{}}],"line":36},"2":{"loc":{"start":{"line":55,"column":8},"end":{"line":55,"column":73}},"type":"if","locations":[{"start":{"line":55,"column":8},"end":{"line":55,"column":73}},{"start":{},"end":{}}],"line":55},"3":{"loc":{"start":{"line":61,"column":8},"end":{"line":61,"column":94}},"type":"if","locations":[{"start":{"line":61,"column":8},"end":{"line":61,"column":94}},{"start":{},"end":{}}],"line":61},"4":{"loc":{"start":{"line":77,"column":8},"end":{"line":77,"column":94}},"type":"if","locations":[{"start":{"line":77,"column":8},"end":{"line":77,"column":94}},{"start":{},"end":{}}],"line":77}},"s":{"0":3,"1":3,"2":3,"3":3,"4":3,"5":3,"6":3,"7":1,"8":1,"9":1,"10":0,"11":3,"12":2,"13":2,"14":1,"15":1,"16":3,"17":5,"18":5,"19":5,"20":2,"21":3,"22":3,"23":3,"24":3,"25":0,"26":0,"27":3,"28":6,"29":6,"30":6,"31":2,"32":4,"33":4,"34":2,"35":2,"36":0,"37":0,"38":3,"39":4,"40":4,"41":4,"42":2,"43":2,"44":0,"45":0,"46":3},"f":{"0":1,"1":2,"2":5,"3":6,"4":4},"b":{"0":[1,1],"1":[2,3],"2":[2,4],"3":[2,2],"4":[2,2]},"_coverageSchema":"1a1c01bbd47fc00a2c39e90264f33305004495a9","hash":"7d09a543e7784402e187c45cca97bfdd9b7397f2"}
}
