TN:
SF:index.js
FN:9,(anonymous_0)
FN:9,(anonymous_1)
FN:15,(anonymous_2)
FNF:3
FNH:2
FNDA:3,(anonymous_0)
FNDA:0,(anonymous_1)
FNDA:3,(anonymous_2)
DA:1,3
DA:2,3
DA:3,3
DA:4,3
DA:6,3
DA:7,3
DA:9,3
DA:11,3
DA:13,3
DA:15,3
DA:16,3
DA:19,3
LF:12
LH:12
BRF:0
BRH:0
end_of_record
TN:
SF:middleware/admin.js
FN:1,(anonymous_0)
FNF:1
FNH:1
FNDA:5,(anonymous_0)
DA:1,3
DA:2,5
DA:4,4
LF:3
LH:3
BRDA:2,0,0,1
BRDA:2,0,1,4
BRF:2
BRH:2
end_of_record
TN:
SF:middleware/auth.js
FN:4,(anonymous_0)
FNF:1
FNH:1
FNDA:22,(anonymous_0)
DA:1,4
DA:2,4
DA:4,4
DA:5,22
DA:6,22
DA:8,18
DA:9,18
DA:10,17
DA:11,17
DA:14,1
LF:10
LH:10
BRDA:6,0,0,4
BRDA:6,0,1,18
BRF:2
BRH:2
end_of_record
TN:
SF:middleware/validateObjectId.js
FN:3,(anonymous_0)
FNF:1
FNH:1
FNDA:3,(anonymous_0)
DA:1,3
DA:3,3
DA:5,3
DA:7,2
DA:10,3
LF:5
LH:5
BRDA:5,0,0,1
BRDA:5,0,1,2
BRF:2
BRH:2
end_of_record
TN:
SF:model/genre.js
FN:15,(anonymous_0)
FNF:1
FNH:1
FNDA:11,(anonymous_0)
DA:1,3
DA:2,3
DA:4,3
DA:13,3
DA:15,3
DA:16,11
DA:20,11
DA:23,3
DA:24,3
DA:25,3
LF:10
LH:10
BRF:0
BRH:0
end_of_record
TN:
SF:model/rental.js
FN:58,validateRental
FNF:1
FNH:0
FNDA:0,validateRental
DA:1,1
DA:2,1
DA:4,1
DA:59,0
DA:64,0
DA:67,1
DA:68,1
LF:7
LH:5
BRF:0
BRH:0
end_of_record
TN:
SF:model/user.js
FN:29,(anonymous_0)
FN:36,validateUser
FNF:2
FNH:1
FNDA:24,(anonymous_0)
FNDA:0,validateUser
DA:1,4
DA:2,4
DA:3,4
DA:4,4
DA:6,4
DA:29,4
DA:30,24
DA:31,24
DA:34,4
DA:37,0
DA:43,0
DA:46,4
DA:47,4
LF:13
LH:11
BRF:0
BRH:0
end_of_record
TN:
SF:route/genre.js
FN:8,(anonymous_0)
FN:21,(anonymous_1)
FN:31,(anonymous_2)
FN:50,(anonymous_3)
FN:71,(anonymous_4)
FNF:5
FNH:5
FNDA:1,(anonymous_0)
FNDA:2,(anonymous_1)
FNDA:5,(anonymous_2)
FNDA:6,(anonymous_3)
FNDA:4,(anonymous_4)
DA:1,3
DA:2,3
DA:3,3
DA:4,3
DA:5,3
DA:6,3
DA:8,3
DA:10,1
DA:12,1
DA:14,1
DA:17,0
DA:21,3
DA:23,2
DA:25,2
DA:27,1
DA:31,3
DA:33,5
DA:35,5
DA:36,5
DA:38,3
DA:40,3
DA:41,3
DA:43,3
DA:45,0
DA:46,0
DA:50,3
DA:52,6
DA:54,6
DA:55,6
DA:57,4
DA:61,4
DA:63,2
DA:66,0
DA:67,0
DA:71,3
DA:73,4
DA:75,4
DA:77,4
DA:79,2
DA:82,0
DA:83,0
DA:87,3
LF:42
LH:35
BRDA:25,0,0,1
BRDA:25,0,1,1
BRDA:36,1,0,2
BRDA:36,1,1,3
BRDA:55,2,0,2
BRDA:55,2,1,4
BRDA:61,3,0,2
BRDA:61,3,1,2
BRDA:77,4,0,2
BRDA:77,4,1,2
BRF:10
BRH:10
end_of_record
